Analysis & Synthesis report for reloj_ajedrez
Wed Jun 26 07:45:17 2024
Quartus Prime Version 23.1std.0 Build 991 11/28/2023 SC Lite Edition


---------------------
; Table of Contents ;
---------------------
  1. Legal Notice
  2. Analysis & Synthesis Summary
  3. Analysis & Synthesis Settings
  4. Parallel Compilation
  5. Analysis & Synthesis Source Files Read
  6. Analysis & Synthesis Resource Usage Summary
  7. Analysis & Synthesis Resource Utilization by Entity
  8. State Machine - |reloj_ajedrez|fsm:fsm1|state_reg
  9. User-Specified and Inferred Latches
 10. Registers Removed During Synthesis
 11. General Register Statistics
 12. Multiplexer Restructuring Statistics (Restructuring Performed)
 13. Parameter Settings for User Entity Instance: divisor_freq:div
 14. Parameter Settings for User Entity Instance: reloj:jugador_0
 15. Parameter Settings for User Entity Instance: reloj:jugador_0|divisor_freq:divisor1
 16. Parameter Settings for User Entity Instance: reloj:jugador_0|counter:contador1
 17. Parameter Settings for User Entity Instance: reloj:jugador_0|comparator:comporador1
 18. Parameter Settings for User Entity Instance: reloj:jugador_0|comparator:comporador10
 19. Parameter Settings for User Entity Instance: reloj:jugador_0|counter:contador2
 20. Parameter Settings for User Entity Instance: reloj:jugador_0|comparator:comporador2
 21. Parameter Settings for User Entity Instance: reloj:jugador_0|comparator:comporador20
 22. Parameter Settings for User Entity Instance: reloj:jugador_0|counter:contador3
 23. Parameter Settings for User Entity Instance: reloj:jugador_0|comparator:comparator3
 24. Parameter Settings for User Entity Instance: reloj:jugador_0|comparator:comparator30
 25. Parameter Settings for User Entity Instance: reloj:jugador_0|comparator_gt:comparato_1h
 26. Parameter Settings for User Entity Instance: reloj:jugador_1
 27. Parameter Settings for User Entity Instance: reloj:jugador_1|divisor_freq:divisor1
 28. Parameter Settings for User Entity Instance: reloj:jugador_1|counter:contador1
 29. Parameter Settings for User Entity Instance: reloj:jugador_1|comparator:comporador1
 30. Parameter Settings for User Entity Instance: reloj:jugador_1|comparator:comporador10
 31. Parameter Settings for User Entity Instance: reloj:jugador_1|counter:contador2
 32. Parameter Settings for User Entity Instance: reloj:jugador_1|comparator:comporador2
 33. Parameter Settings for User Entity Instance: reloj:jugador_1|comparator:comporador20
 34. Parameter Settings for User Entity Instance: reloj:jugador_1|counter:contador3
 35. Parameter Settings for User Entity Instance: reloj:jugador_1|comparator:comparator3
 36. Parameter Settings for User Entity Instance: reloj:jugador_1|comparator:comparator30
 37. Parameter Settings for User Entity Instance: reloj:jugador_1|comparator_gt:comparato_1h
 38. Port Connectivity Checks: "mux4a1:mu5"
 39. Port Connectivity Checks: "mux4a1:mu4"
 40. Port Connectivity Checks: "mux4a1:mu3"
 41. Port Connectivity Checks: "reloj:jugador_1"
 42. Port Connectivity Checks: "reloj:jugador_0|comparator_gt:comparato_1h"
 43. Port Connectivity Checks: "reloj:jugador_0|comparator:comparator30"
 44. Port Connectivity Checks: "reloj:jugador_0|comparator:comparator3"
 45. Port Connectivity Checks: "reloj:jugador_0|counter:contador3"
 46. Port Connectivity Checks: "reloj:jugador_0|comparator:comporador20"
 47. Port Connectivity Checks: "reloj:jugador_0|comparator:comporador2"
 48. Port Connectivity Checks: "reloj:jugador_0|counter:contador2"
 49. Port Connectivity Checks: "reloj:jugador_0|comparator:comporador10"
 50. Port Connectivity Checks: "reloj:jugador_0|comparator:comporador1"
 51. Port Connectivity Checks: "reloj:jugador_0|counter:contador1"
 52. Port Connectivity Checks: "reloj:jugador_0"
 53. Post-Synthesis Netlist Statistics for Top Partition
 54. Elapsed Time Per Partition
 55. Analysis & Synthesis Messages



----------------
; Legal Notice ;
----------------
Copyright (C) 2023  Intel Corporation. All rights reserved.
Your use of Intel Corporation's design tools, logic functions 
and other software and tools, and any partner logic 
functions, and any output files from any of the foregoing 
(including device programming or simulation files), and any 
associated documentation or information are expressly subject 
to the terms and conditions of the Intel Program License 
Subscription Agreement, the Intel Quartus Prime License Agreement,
the Intel FPGA IP License Agreement, or other applicable license
agreement, including, without limitation, that your use is for
the sole purpose of programming logic devices manufactured by
Intel and sold by Intel or its authorized distributors.  Please
refer to the applicable agreement for further details, at
https://fpgasoftware.intel.com/eula.



+-------------------------------------------------------------------------------------+
; Analysis & Synthesis Summary                                                        ;
+------------------------------------+------------------------------------------------+
; Analysis & Synthesis Status        ; Successful - Wed Jun 26 07:45:17 2024          ;
; Quartus Prime Version              ; 23.1std.0 Build 991 11/28/2023 SC Lite Edition ;
; Revision Name                      ; reloj_ajedrez                                  ;
; Top-level Entity Name              ; reloj_ajedrez                                  ;
; Family                             ; MAX 10                                         ;
; Total logic elements               ; 580                                            ;
;     Total combinational functions  ; 580                                            ;
;     Dedicated logic registers      ; 152                                            ;
; Total registers                    ; 152                                            ;
; Total pins                         ; 61                                             ;
; Total virtual pins                 ; 0                                              ;
; Total memory bits                  ; 0                                              ;
; Embedded Multiplier 9-bit elements ; 0                                              ;
; Total PLLs                         ; 0                                              ;
; UFM blocks                         ; 0                                              ;
; ADC blocks                         ; 0                                              ;
+------------------------------------+------------------------------------------------+


+------------------------------------------------------------------------------------------------------------+
; Analysis & Synthesis Settings                                                                              ;
+------------------------------------------------------------------+--------------------+--------------------+
; Option                                                           ; Setting            ; Default Value      ;
+------------------------------------------------------------------+--------------------+--------------------+
; Device                                                           ; 10M50DAF484C7G     ;                    ;
; Top-level entity name                                            ; reloj_ajedrez      ; reloj_ajedrez      ;
; Family name                                                      ; MAX 10             ; Cyclone V          ;
; Use smart compilation                                            ; Off                ; Off                ;
; Enable parallel Assembler and Timing Analyzer during compilation ; On                 ; On                 ;
; Enable compact report table                                      ; Off                ; Off                ;
; Restructure Multiplexers                                         ; Auto               ; Auto               ;
; Create Debugging Nodes for IP Cores                              ; Off                ; Off                ;
; Preserve fewer node names                                        ; On                 ; On                 ;
; Intel FPGA IP Evaluation Mode                                    ; Enable             ; Enable             ;
; Verilog Version                                                  ; Verilog_2001       ; Verilog_2001       ;
; VHDL Version                                                     ; VHDL_1993          ; VHDL_1993          ;
; State Machine Processing                                         ; Auto               ; Auto               ;
; Safe State Machine                                               ; Off                ; Off                ;
; Extract Verilog State Machines                                   ; On                 ; On                 ;
; Extract VHDL State Machines                                      ; On                 ; On                 ;
; Ignore Verilog initial constructs                                ; Off                ; Off                ;
; Iteration limit for constant Verilog loops                       ; 5000               ; 5000               ;
; Iteration limit for non-constant Verilog loops                   ; 250                ; 250                ;
; Add Pass-Through Logic to Inferred RAMs                          ; On                 ; On                 ;
; Infer RAMs from Raw Logic                                        ; On                 ; On                 ;
; Parallel Synthesis                                               ; On                 ; On                 ;
; DSP Block Balancing                                              ; Auto               ; Auto               ;
; NOT Gate Push-Back                                               ; On                 ; On                 ;
; Power-Up Don't Care                                              ; On                 ; On                 ;
; Remove Redundant Logic Cells                                     ; Off                ; Off                ;
; Remove Duplicate Registers                                       ; On                 ; On                 ;
; Ignore CARRY Buffers                                             ; Off                ; Off                ;
; Ignore CASCADE Buffers                                           ; Off                ; Off                ;
; Ignore GLOBAL Buffers                                            ; Off                ; Off                ;
; Ignore ROW GLOBAL Buffers                                        ; Off                ; Off                ;
; Ignore LCELL Buffers                                             ; Off                ; Off                ;
; Ignore SOFT Buffers                                              ; On                 ; On                 ;
; Limit AHDL Integers to 32 Bits                                   ; Off                ; Off                ;
; Optimization Technique                                           ; Balanced           ; Balanced           ;
; Carry Chain Length                                               ; 70                 ; 70                 ;
; Auto Carry Chains                                                ; On                 ; On                 ;
; Auto Open-Drain Pins                                             ; On                 ; On                 ;
; Perform WYSIWYG Primitive Resynthesis                            ; Off                ; Off                ;
; Auto ROM Replacement                                             ; On                 ; On                 ;
; Auto RAM Replacement                                             ; On                 ; On                 ;
; Auto DSP Block Replacement                                       ; On                 ; On                 ;
; Auto Shift Register Replacement                                  ; Auto               ; Auto               ;
; Allow Shift Register Merging across Hierarchies                  ; Auto               ; Auto               ;
; Auto Clock Enable Replacement                                    ; On                 ; On                 ;
; Strict RAM Replacement                                           ; Off                ; Off                ;
; Allow Synchronous Control Signals                                ; On                 ; On                 ;
; Force Use of Synchronous Clear Signals                           ; Off                ; Off                ;
; Auto RAM Block Balancing                                         ; On                 ; On                 ;
; Auto RAM to Logic Cell Conversion                                ; Off                ; Off                ;
; Auto Resource Sharing                                            ; Off                ; Off                ;
; Allow Any RAM Size For Recognition                               ; Off                ; Off                ;
; Allow Any ROM Size For Recognition                               ; Off                ; Off                ;
; Allow Any Shift Register Size For Recognition                    ; Off                ; Off                ;
; Use LogicLock Constraints during Resource Balancing              ; On                 ; On                 ;
; Ignore translate_off and synthesis_off directives                ; Off                ; Off                ;
; Timing-Driven Synthesis                                          ; On                 ; On                 ;
; Report Parameter Settings                                        ; On                 ; On                 ;
; Report Source Assignments                                        ; On                 ; On                 ;
; Report Connectivity Checks                                       ; On                 ; On                 ;
; Ignore Maximum Fan-Out Assignments                               ; Off                ; Off                ;
; Synchronization Register Chain Length                            ; 2                  ; 2                  ;
; Power Optimization During Synthesis                              ; Normal compilation ; Normal compilation ;
; HDL message level                                                ; Level2             ; Level2             ;
; Suppress Register Optimization Related Messages                  ; Off                ; Off                ;
; Number of Removed Registers Reported in Synthesis Report         ; 5000               ; 5000               ;
; Number of Swept Nodes Reported in Synthesis Report               ; 5000               ; 5000               ;
; Number of Inverted Registers Reported in Synthesis Report        ; 100                ; 100                ;
; Clock MUX Protection                                             ; On                 ; On                 ;
; Auto Gated Clock Conversion                                      ; Off                ; Off                ;
; Block Design Naming                                              ; Auto               ; Auto               ;
; SDC constraint protection                                        ; Off                ; Off                ;
; Synthesis Effort                                                 ; Auto               ; Auto               ;
; Shift Register Replacement - Allow Asynchronous Clear Signal     ; On                 ; On                 ;
; Pre-Mapping Resynthesis Optimization                             ; Off                ; Off                ;
; Analysis & Synthesis Message Level                               ; Medium             ; Medium             ;
; Disable Register Merging Across Hierarchies                      ; Auto               ; Auto               ;
; Resource Aware Inference For Block RAM                           ; On                 ; On                 ;
+------------------------------------------------------------------+--------------------+--------------------+


+------------------------------------------+
; Parallel Compilation                     ;
+----------------------------+-------------+
; Processors                 ; Number      ;
+----------------------------+-------------+
; Number detected on machine ; 16          ;
; Maximum allowed            ; 12          ;
;                            ;             ;
; Average used               ; 1.00        ;
; Maximum used               ; 12          ;
;                            ;             ;
; Usage by Processor         ; % Time Used ;
;     Processor 1            ; 100.0%      ;
;     Processor 2            ;   0.0%      ;
;     Processors 3-12        ;   0.0%      ;
+----------------------------+-------------+


+----------------------------------------------------------------------------------------------------------------------------------------------------------+
; Analysis & Synthesis Source Files Read                                                                                                                   ;
+----------------------------------+-----------------+-----------------+-------------------------------------------------------------------------+---------+
; File Name with User-Entered Path ; Used in Netlist ; File Type       ; File Name with Absolute Path                                            ; Library ;
+----------------------------------+-----------------+-----------------+-------------------------------------------------------------------------+---------+
; comparator.vhd                   ; yes             ; User VHDL File  ; C:/Users/Frank/Desktop/25JUNIO/25JUNIO/lab9/ep1/comparator.vhd          ;         ;
; fsm.vhd                          ; yes             ; User VHDL File  ; C:/Users/Frank/Desktop/25JUNIO/25JUNIO/lab9/ep1/fsm.vhd                 ;         ;
; reloj_ajedrez.vhd                ; yes             ; User VHDL File  ; C:/Users/Frank/Desktop/25JUNIO/25JUNIO/lab9/ep1/reloj_ajedrez.vhd       ;         ;
; divisor_freq.vhd                 ; yes             ; User VHDL File  ; C:/Users/Frank/Desktop/25JUNIO/25JUNIO/lab9/ep1/divisor_freq.vhd        ;         ;
; my_components_reloj.vhd          ; yes             ; User VHDL File  ; C:/Users/Frank/Desktop/25JUNIO/25JUNIO/lab9/ep1/my_components_reloj.vhd ;         ;
; mux4a1.vhd                       ; yes             ; User VHDL File  ; C:/Users/Frank/Desktop/25JUNIO/25JUNIO/lab9/ep1/mux4a1.vhd              ;         ;
; reloj.vhd                        ; yes             ; User VHDL File  ; C:/Users/Frank/Desktop/25JUNIO/25JUNIO/lab9/ep1/reloj.vhd               ;         ;
; my_components.vhd                ; yes             ; User VHDL File  ; C:/Users/Frank/Desktop/25JUNIO/25JUNIO/lab9/ep1/my_components.vhd       ;         ;
; hexa.vhd                         ; yes             ; User VHDL File  ; C:/Users/Frank/Desktop/25JUNIO/25JUNIO/lab9/ep1/hexa.vhd                ;         ;
; counter.vhd                      ; yes             ; User VHDL File  ; C:/Users/Frank/Desktop/25JUNIO/25JUNIO/lab9/ep1/counter.vhd             ;         ;
; bintobcd.vhd                     ; yes             ; User VHDL File  ; C:/Users/Frank/Desktop/25JUNIO/25JUNIO/lab9/ep1/bintobcd.vhd            ;         ;
; reg.vhd                          ; yes             ; User VHDL File  ; C:/Users/Frank/Desktop/25JUNIO/25JUNIO/lab9/ep1/reg.vhd                 ;         ;
; contador_ace.vhd                 ; yes             ; User VHDL File  ; C:/Users/Frank/Desktop/25JUNIO/25JUNIO/lab9/ep1/contador_ace.vhd        ;         ;
; comparator_gt.vhd                ; yes             ; User VHDL File  ; C:/Users/Frank/Desktop/25JUNIO/25JUNIO/lab9/ep1/comparator_gt.vhd       ;         ;
+----------------------------------+-----------------+-----------------+-------------------------------------------------------------------------+---------+


+---------------------------------------------------------+
; Analysis & Synthesis Resource Usage Summary             ;
+---------------------------------------------+-----------+
; Resource                                    ; Usage     ;
+---------------------------------------------+-----------+
; Estimated Total logic elements              ; 580       ;
;                                             ;           ;
; Total combinational functions               ; 580       ;
; Logic element usage by number of LUT inputs ;           ;
;     -- 4 input functions                    ; 314       ;
;     -- 3 input functions                    ; 102       ;
;     -- <=2 input functions                  ; 164       ;
;                                             ;           ;
; Logic elements by mode                      ;           ;
;     -- normal mode                          ; 475       ;
;     -- arithmetic mode                      ; 105       ;
;                                             ;           ;
; Total registers                             ; 152       ;
;     -- Dedicated logic registers            ; 152       ;
;     -- I/O registers                        ; 0         ;
;                                             ;           ;
; I/O pins                                    ; 61        ;
;                                             ;           ;
; Embedded Multiplier 9-bit elements          ; 0         ;
;                                             ;           ;
; Maximum fan-out node                        ; clk~input ;
; Maximum fan-out                             ; 152       ;
; Total fan-out                               ; 2498      ;
; Average fan-out                             ; 2.93      ;
+---------------------------------------------+-----------+


+----------------------------------------------------------------------------------------------------------------------------------------------------------------------------------------------------------------------------------------------------------------------------+
; Analysis & Synthesis Resource Utilization by Entity                                                                                                                                                                                                                        ;
+--------------------------------+---------------------+---------------------------+-------------+------------+--------------+---------+-----------+------+--------------+------------+-------------------------------------------------------+---------------+--------------+
; Compilation Hierarchy Node     ; Combinational ALUTs ; Dedicated Logic Registers ; Memory Bits ; UFM Blocks ; DSP Elements ; DSP 9x9 ; DSP 18x18 ; Pins ; Virtual Pins ; ADC blocks ; Full Hierarchy Name                                   ; Entity Name   ; Library Name ;
+--------------------------------+---------------------+---------------------------+-------------+------------+--------------+---------+-----------+------+--------------+------------+-------------------------------------------------------+---------------+--------------+
; |reloj_ajedrez                 ; 580 (2)             ; 152 (0)                   ; 0           ; 0          ; 0            ; 0       ; 0         ; 61   ; 0            ; 0          ; |reloj_ajedrez                                        ; reloj_ajedrez ; work         ;
;    |contador_ace:con0|         ; 57 (36)             ; 12 (12)                   ; 0           ; 0          ; 0            ; 0       ; 0         ; 0    ; 0            ; 0          ; |reloj_ajedrez|contador_ace:con0                      ; contador_ace  ; work         ;
;       |hexa:hexa_c|            ; 7 (7)               ; 0 (0)                     ; 0           ; 0          ; 0            ; 0       ; 0         ; 0    ; 0            ; 0          ; |reloj_ajedrez|contador_ace:con0|hexa:hexa_c          ; hexa          ; work         ;
;       |hexa:hexa_d|            ; 7 (7)               ; 0 (0)                     ; 0           ; 0          ; 0            ; 0       ; 0         ; 0    ; 0            ; 0          ; |reloj_ajedrez|contador_ace:con0|hexa:hexa_d          ; hexa          ; work         ;
;       |hexa:hexa_u|            ; 7 (7)               ; 0 (0)                     ; 0           ; 0          ; 0            ; 0       ; 0         ; 0    ; 0            ; 0          ; |reloj_ajedrez|contador_ace:con0|hexa:hexa_u          ; hexa          ; work         ;
;    |contador_ace:con1|         ; 57 (36)             ; 12 (12)                   ; 0           ; 0          ; 0            ; 0       ; 0         ; 0    ; 0            ; 0          ; |reloj_ajedrez|contador_ace:con1                      ; contador_ace  ; work         ;
;       |hexa:hexa_c|            ; 7 (7)               ; 0 (0)                     ; 0           ; 0          ; 0            ; 0       ; 0         ; 0    ; 0            ; 0          ; |reloj_ajedrez|contador_ace:con1|hexa:hexa_c          ; hexa          ; work         ;
;       |hexa:hexa_d|            ; 7 (7)               ; 0 (0)                     ; 0           ; 0          ; 0            ; 0       ; 0         ; 0    ; 0            ; 0          ; |reloj_ajedrez|contador_ace:con1|hexa:hexa_d          ; hexa          ; work         ;
;       |hexa:hexa_u|            ; 7 (7)               ; 0 (0)                     ; 0           ; 0          ; 0            ; 0       ; 0         ; 0    ; 0            ; 0          ; |reloj_ajedrez|contador_ace:con1|hexa:hexa_u          ; hexa          ; work         ;
;    |divisor_freq:div|          ; 47 (47)             ; 27 (27)                   ; 0           ; 0          ; 0            ; 0       ; 0         ; 0    ; 0            ; 0          ; |reloj_ajedrez|divisor_freq:div                       ; divisor_freq  ; work         ;
;    |fsm:fsm1|                  ; 18 (18)             ; 11 (11)                   ; 0           ; 0          ; 0            ; 0       ; 0         ; 0    ; 0            ; 0          ; |reloj_ajedrez|fsm:fsm1                               ; fsm           ; work         ;
;    |mux4a1:mu0|                ; 15 (15)             ; 0 (0)                     ; 0           ; 0          ; 0            ; 0       ; 0         ; 0    ; 0            ; 0          ; |reloj_ajedrez|mux4a1:mu0                             ; mux4a1        ; work         ;
;    |mux4a1:mu1|                ; 25 (25)             ; 0 (0)                     ; 0           ; 0          ; 0            ; 0       ; 0         ; 0    ; 0            ; 0          ; |reloj_ajedrez|mux4a1:mu1                             ; mux4a1        ; work         ;
;    |mux4a1:mu2|                ; 14 (14)             ; 0 (0)                     ; 0           ; 0          ; 0            ; 0       ; 0         ; 0    ; 0            ; 0          ; |reloj_ajedrez|mux4a1:mu2                             ; mux4a1        ; work         ;
;    |mux4a1:mu3|                ; 22 (22)             ; 0 (0)                     ; 0           ; 0          ; 0            ; 0       ; 0         ; 0    ; 0            ; 0          ; |reloj_ajedrez|mux4a1:mu3                             ; mux4a1        ; work         ;
;    |mux4a1:mu4|                ; 7 (7)               ; 0 (0)                     ; 0           ; 0          ; 0            ; 0       ; 0         ; 0    ; 0            ; 0          ; |reloj_ajedrez|mux4a1:mu4                             ; mux4a1        ; work         ;
;    |mux4a1:mu5|                ; 24 (24)             ; 0 (0)                     ; 0           ; 0          ; 0            ; 0       ; 0         ; 0    ; 0            ; 0          ; |reloj_ajedrez|mux4a1:mu5                             ; mux4a1        ; work         ;
;    |reloj:jugador_0|           ; 146 (5)             ; 45 (0)                    ; 0           ; 0          ; 0            ; 0       ; 0         ; 0    ; 0            ; 0          ; |reloj_ajedrez|reloj:jugador_0                        ; reloj         ; work         ;
;       |bintobcd:bin1|          ; 13 (13)             ; 0 (0)                     ; 0           ; 0          ; 0            ; 0       ; 0         ; 0    ; 0            ; 0          ; |reloj_ajedrez|reloj:jugador_0|bintobcd:bin1          ; bintobcd      ; work         ;
;       |bintobcd:bin2|          ; 14 (14)             ; 0 (0)                     ; 0           ; 0          ; 0            ; 0       ; 0         ; 0    ; 0            ; 0          ; |reloj_ajedrez|reloj:jugador_0|bintobcd:bin2          ; bintobcd      ; work         ;
;       |bintobcd:bin3|          ; 14 (14)             ; 0 (0)                     ; 0           ; 0          ; 0            ; 0       ; 0         ; 0    ; 0            ; 0          ; |reloj_ajedrez|reloj:jugador_0|bintobcd:bin3          ; bintobcd      ; work         ;
;       |comparator:comporador1| ; 2 (2)               ; 0 (0)                     ; 0           ; 0          ; 0            ; 0       ; 0         ; 0    ; 0            ; 0          ; |reloj_ajedrez|reloj:jugador_0|comparator:comporador1 ; comparator    ; work         ;
;       |comparator:comporador2| ; 2 (2)               ; 0 (0)                     ; 0           ; 0          ; 0            ; 0       ; 0         ; 0    ; 0            ; 0          ; |reloj_ajedrez|reloj:jugador_0|comparator:comporador2 ; comparator    ; work         ;
;       |counter:contador1|      ; 7 (7)               ; 6 (6)                     ; 0           ; 0          ; 0            ; 0       ; 0         ; 0    ; 0            ; 0          ; |reloj_ajedrez|reloj:jugador_0|counter:contador1      ; counter       ; work         ;
;       |counter:contador2|      ; 7 (7)               ; 6 (6)                     ; 0           ; 0          ; 0            ; 0       ; 0         ; 0    ; 0            ; 0          ; |reloj_ajedrez|reloj:jugador_0|counter:contador2      ; counter       ; work         ;
;       |counter:contador3|      ; 10 (10)             ; 6 (6)                     ; 0           ; 0          ; 0            ; 0       ; 0         ; 0    ; 0            ; 0          ; |reloj_ajedrez|reloj:jugador_0|counter:contador3      ; counter       ; work         ;
;       |divisor_freq:divisor1|  ; 47 (47)             ; 27 (27)                   ; 0           ; 0          ; 0            ; 0       ; 0         ; 0    ; 0            ; 0          ; |reloj_ajedrez|reloj:jugador_0|divisor_freq:divisor1  ; divisor_freq  ; work         ;
;       |hexa:hexa1|             ; 7 (7)               ; 0 (0)                     ; 0           ; 0          ; 0            ; 0       ; 0         ; 0    ; 0            ; 0          ; |reloj_ajedrez|reloj:jugador_0|hexa:hexa1             ; hexa          ; work         ;
;       |hexa:hexa2|             ; 2 (2)               ; 0 (0)                     ; 0           ; 0          ; 0            ; 0       ; 0         ; 0    ; 0            ; 0          ; |reloj_ajedrez|reloj:jugador_0|hexa:hexa2             ; hexa          ; work         ;
;       |hexa:hexa3|             ; 7 (7)               ; 0 (0)                     ; 0           ; 0          ; 0            ; 0       ; 0         ; 0    ; 0            ; 0          ; |reloj_ajedrez|reloj:jugador_0|hexa:hexa3             ; hexa          ; work         ;
;       |hexa:hexa4|             ; 1 (1)               ; 0 (0)                     ; 0           ; 0          ; 0            ; 0       ; 0         ; 0    ; 0            ; 0          ; |reloj_ajedrez|reloj:jugador_0|hexa:hexa4             ; hexa          ; work         ;
;       |hexa:hexa5|             ; 7 (7)               ; 0 (0)                     ; 0           ; 0          ; 0            ; 0       ; 0         ; 0    ; 0            ; 0          ; |reloj_ajedrez|reloj:jugador_0|hexa:hexa5             ; hexa          ; work         ;
;       |hexa:hexa6|             ; 1 (1)               ; 0 (0)                     ; 0           ; 0          ; 0            ; 0       ; 0         ; 0    ; 0            ; 0          ; |reloj_ajedrez|reloj:jugador_0|hexa:hexa6             ; hexa          ; work         ;
;    |reloj:jugador_1|           ; 146 (5)             ; 45 (0)                    ; 0           ; 0          ; 0            ; 0       ; 0         ; 0    ; 0            ; 0          ; |reloj_ajedrez|reloj:jugador_1                        ; reloj         ; work         ;
;       |bintobcd:bin1|          ; 13 (13)             ; 0 (0)                     ; 0           ; 0          ; 0            ; 0       ; 0         ; 0    ; 0            ; 0          ; |reloj_ajedrez|reloj:jugador_1|bintobcd:bin1          ; bintobcd      ; work         ;
;       |bintobcd:bin2|          ; 14 (14)             ; 0 (0)                     ; 0           ; 0          ; 0            ; 0       ; 0         ; 0    ; 0            ; 0          ; |reloj_ajedrez|reloj:jugador_1|bintobcd:bin2          ; bintobcd      ; work         ;
;       |bintobcd:bin3|          ; 14 (14)             ; 0 (0)                     ; 0           ; 0          ; 0            ; 0       ; 0         ; 0    ; 0            ; 0          ; |reloj_ajedrez|reloj:jugador_1|bintobcd:bin3          ; bintobcd      ; work         ;
;       |comparator:comporador1| ; 2 (2)               ; 0 (0)                     ; 0           ; 0          ; 0            ; 0       ; 0         ; 0    ; 0            ; 0          ; |reloj_ajedrez|reloj:jugador_1|comparator:comporador1 ; comparator    ; work         ;
;       |comparator:comporador2| ; 2 (2)               ; 0 (0)                     ; 0           ; 0          ; 0            ; 0       ; 0         ; 0    ; 0            ; 0          ; |reloj_ajedrez|reloj:jugador_1|comparator:comporador2 ; comparator    ; work         ;
;       |counter:contador1|      ; 7 (7)               ; 6 (6)                     ; 0           ; 0          ; 0            ; 0       ; 0         ; 0    ; 0            ; 0          ; |reloj_ajedrez|reloj:jugador_1|counter:contador1      ; counter       ; work         ;
;       |counter:contador2|      ; 7 (7)               ; 6 (6)                     ; 0           ; 0          ; 0            ; 0       ; 0         ; 0    ; 0            ; 0          ; |reloj_ajedrez|reloj:jugador_1|counter:contador2      ; counter       ; work         ;
;       |counter:contador3|      ; 10 (10)             ; 6 (6)                     ; 0           ; 0          ; 0            ; 0       ; 0         ; 0    ; 0            ; 0          ; |reloj_ajedrez|reloj:jugador_1|counter:contador3      ; counter       ; work         ;
;       |divisor_freq:divisor1|  ; 47 (47)             ; 27 (27)                   ; 0           ; 0          ; 0            ; 0       ; 0         ; 0    ; 0            ; 0          ; |reloj_ajedrez|reloj:jugador_1|divisor_freq:divisor1  ; divisor_freq  ; work         ;
;       |hexa:hexa1|             ; 7 (7)               ; 0 (0)                     ; 0           ; 0          ; 0            ; 0       ; 0         ; 0    ; 0            ; 0          ; |reloj_ajedrez|reloj:jugador_1|hexa:hexa1             ; hexa          ; work         ;
;       |hexa:hexa2|             ; 1 (1)               ; 0 (0)                     ; 0           ; 0          ; 0            ; 0       ; 0         ; 0    ; 0            ; 0          ; |reloj_ajedrez|reloj:jugador_1|hexa:hexa2             ; hexa          ; work         ;
;       |hexa:hexa3|             ; 7 (7)               ; 0 (0)                     ; 0           ; 0          ; 0            ; 0       ; 0         ; 0    ; 0            ; 0          ; |reloj_ajedrez|reloj:jugador_1|hexa:hexa3             ; hexa          ; work         ;
;       |hexa:hexa4|             ; 1 (1)               ; 0 (0)                     ; 0           ; 0          ; 0            ; 0       ; 0         ; 0    ; 0            ; 0          ; |reloj_ajedrez|reloj:jugador_1|hexa:hexa4             ; hexa          ; work         ;
;       |hexa:hexa5|             ; 7 (7)               ; 0 (0)                     ; 0           ; 0          ; 0            ; 0       ; 0         ; 0    ; 0            ; 0          ; |reloj_ajedrez|reloj:jugador_1|hexa:hexa5             ; hexa          ; work         ;
;       |hexa:hexa6|             ; 2 (2)               ; 0 (0)                     ; 0           ; 0          ; 0            ; 0       ; 0         ; 0    ; 0            ; 0          ; |reloj_ajedrez|reloj:jugador_1|hexa:hexa6             ; hexa          ; work         ;
+--------------------------------+---------------------+---------------------------+-------------+------------+--------------+---------+-----------+------+--------------+------------+-------------------------------------------------------+---------------+--------------+
Note: For table entries with two numbers listed, the numbers in parentheses indicate the number of resources of the given type used by the specific entity alone. The numbers listed outside of parentheses indicate the total resources of the given type used by the specific entity and all of its sub-entities in the hierarchy.


Encoding Type:  One-Hot
+----------------------------------------------------------------------------------------------------------------------------------------------------------------------------------------------------------------------------------------------------------------------------------------------------------------------------------------------------------------------------+
; State Machine - |reloj_ajedrez|fsm:fsm1|state_reg                                                                                                                                                                                                                                                                                                                          ;
+-----------------------------+--------------------------+--------------------------+-------------------------+-------------------------+-------------------------+-------------------------+-------------------------+-----------------------+-----------------------+-------------------------+-----------------------------+--------------------------+-------------------+
; Name                        ; state_reg.ST_PLAYER_1_L1 ; state_reg.ST_PLAYER_0_L1 ; state_reg.ST_PLAYER_1_M ; state_reg.ST_PLAYER_0_M ; state_reg.ST_PLAYER_1_L ; state_reg.ST_PLAYER_0_L ; state_reg.ST_PLAYER_1_P ; state_reg.ST_PLAYER_1 ; state_reg.ST_PLAYER_0 ; state_reg.ST_PLAYER_0_P ; state_reg.ST_PLAYERS_CONFIG ; state_reg.ST_WAIT_CONFIG ; state_reg.ST_IDLE ;
+-----------------------------+--------------------------+--------------------------+-------------------------+-------------------------+-------------------------+-------------------------+-------------------------+-----------------------+-----------------------+-------------------------+-----------------------------+--------------------------+-------------------+
; state_reg.ST_IDLE           ; 0                        ; 0                        ; 0                       ; 0                       ; 0                       ; 0                       ; 0                       ; 0                     ; 0                     ; 0                       ; 0                           ; 0                        ; 0                 ;
; state_reg.ST_WAIT_CONFIG    ; 0                        ; 0                        ; 0                       ; 0                       ; 0                       ; 0                       ; 0                       ; 0                     ; 0                     ; 0                       ; 0                           ; 1                        ; 1                 ;
; state_reg.ST_PLAYERS_CONFIG ; 0                        ; 0                        ; 0                       ; 0                       ; 0                       ; 0                       ; 0                       ; 0                     ; 0                     ; 0                       ; 1                           ; 0                        ; 1                 ;
; state_reg.ST_PLAYER_0_P     ; 0                        ; 0                        ; 0                       ; 0                       ; 0                       ; 0                       ; 0                       ; 0                     ; 0                     ; 1                       ; 0                           ; 0                        ; 1                 ;
; state_reg.ST_PLAYER_0       ; 0                        ; 0                        ; 0                       ; 0                       ; 0                       ; 0                       ; 0                       ; 0                     ; 1                     ; 0                       ; 0                           ; 0                        ; 1                 ;
; state_reg.ST_PLAYER_1       ; 0                        ; 0                        ; 0                       ; 0                       ; 0                       ; 0                       ; 0                       ; 1                     ; 0                     ; 0                       ; 0                           ; 0                        ; 1                 ;
; state_reg.ST_PLAYER_1_P     ; 0                        ; 0                        ; 0                       ; 0                       ; 0                       ; 0                       ; 1                       ; 0                     ; 0                     ; 0                       ; 0                           ; 0                        ; 1                 ;
; state_reg.ST_PLAYER_0_L     ; 0                        ; 0                        ; 0                       ; 0                       ; 0                       ; 1                       ; 0                       ; 0                     ; 0                     ; 0                       ; 0                           ; 0                        ; 1                 ;
; state_reg.ST_PLAYER_1_L     ; 0                        ; 0                        ; 0                       ; 0                       ; 1                       ; 0                       ; 0                       ; 0                     ; 0                     ; 0                       ; 0                           ; 0                        ; 1                 ;
; state_reg.ST_PLAYER_0_M     ; 0                        ; 0                        ; 0                       ; 1                       ; 0                       ; 0                       ; 0                       ; 0                     ; 0                     ; 0                       ; 0                           ; 0                        ; 1                 ;
; state_reg.ST_PLAYER_1_M     ; 0                        ; 0                        ; 1                       ; 0                       ; 0                       ; 0                       ; 0                       ; 0                     ; 0                     ; 0                       ; 0                           ; 0                        ; 1                 ;
; state_reg.ST_PLAYER_0_L1    ; 0                        ; 1                        ; 0                       ; 0                       ; 0                       ; 0                       ; 0                       ; 0                     ; 0                     ; 0                       ; 0                           ; 0                        ; 1                 ;
; state_reg.ST_PLAYER_1_L1    ; 1                        ; 0                        ; 0                       ; 0                       ; 0                       ; 0                       ; 0                       ; 0                     ; 0                     ; 0                       ; 0                           ; 0                        ; 1                 ;
+-----------------------------+--------------------------+--------------------------+-------------------------+-------------------------+-------------------------+-------------------------+-------------------------+-----------------------+-----------------------+-------------------------+-----------------------------+--------------------------+-------------------+


+--------------------------------------------------------------------------------------------------------------+
; User-Specified and Inferred Latches                                                                          ;
+-----------------------------------------------------+-------------------------------+------------------------+
; Latch Name                                          ; Latch Enable Signal           ; Free of Timing Hazards ;
+-----------------------------------------------------+-------------------------------+------------------------+
; contador_ace:con0|q_next_d[0]                       ; contador_ace:con0|q_next_d[0] ; yes                    ;
; contador_ace:con0|q_next_d[1]                       ; contador_ace:con0|q_next_d[0] ; yes                    ;
; contador_ace:con0|q_next_d[2]                       ; contador_ace:con0|q_next_d[0] ; yes                    ;
; contador_ace:con0|q_next_d[3]                       ; contador_ace:con0|q_next_d[0] ; yes                    ;
; contador_ace:con1|q_next_d[0]                       ; contador_ace:con1|q_next_d[0] ; yes                    ;
; contador_ace:con1|q_next_d[1]                       ; contador_ace:con1|q_next_d[0] ; yes                    ;
; contador_ace:con1|q_next_d[2]                       ; contador_ace:con1|q_next_d[0] ; yes                    ;
; contador_ace:con1|q_next_d[3]                       ; contador_ace:con1|q_next_d[0] ; yes                    ;
; contador_ace:con0|q_next_c[0]                       ; contador_ace:con0|q_next_c[1] ; yes                    ;
; contador_ace:con0|q_next_c[1]                       ; contador_ace:con0|q_next_c[1] ; yes                    ;
; contador_ace:con0|q_next_c[2]                       ; contador_ace:con0|q_next_c[1] ; yes                    ;
; contador_ace:con0|q_next_c[3]                       ; contador_ace:con0|q_next_c[1] ; yes                    ;
; contador_ace:con1|q_next_c[0]                       ; contador_ace:con1|q_next_c[1] ; yes                    ;
; contador_ace:con1|q_next_c[1]                       ; contador_ace:con1|q_next_c[1] ; yes                    ;
; contador_ace:con1|q_next_c[2]                       ; contador_ace:con1|q_next_c[1] ; yes                    ;
; contador_ace:con1|q_next_c[3]                       ; contador_ace:con1|q_next_c[1] ; yes                    ;
; Number of user-specified and inferred latches = 16  ;                               ;                        ;
+-----------------------------------------------------+-------------------------------+------------------------+
Note: All latches listed above may not be present at the end of synthesis due to various synthesis optimizations.


+---------------------------------------------------------------------------------------+
; Registers Removed During Synthesis                                                    ;
+---------------------------------------+-----------------------------------------------+
; Register name                         ; Reason for Removal                            ;
+---------------------------------------+-----------------------------------------------+
; reg:reg0|q_reg_1[0,1]                 ; Lost fanout                                   ;
; fsm:fsm1|state_reg.ST_PLAYER_1_L1     ; Merged with fsm:fsm1|state_reg.ST_PLAYER_0_L1 ;
; fsm:fsm1|state_reg.ST_PLAYER_0_L1     ; Stuck at GND due to stuck port data_in        ;
; Total Number of Removed Registers = 4 ;                                               ;
+---------------------------------------+-----------------------------------------------+


+------------------------------------------------------+
; General Register Statistics                          ;
+----------------------------------------------+-------+
; Statistic                                    ; Value ;
+----------------------------------------------+-------+
; Total registers                              ; 152   ;
; Number of registers using Synchronous Clear  ; 0     ;
; Number of registers using Synchronous Load   ; 0     ;
; Number of registers using Asynchronous Clear ; 152   ;
; Number of registers using Asynchronous Load  ; 0     ;
; Number of registers using Clock Enable       ; 52    ;
; Number of registers using Preset             ; 0     ;
+----------------------------------------------+-------+


+------------------------------------------------------------------------------------------------------------------------------------------------------------+
; Multiplexer Restructuring Statistics (Restructuring Performed)                                                                                             ;
+--------------------+-----------+---------------+----------------------+------------------------+------------+----------------------------------------------+
; Multiplexer Inputs ; Bus Width ; Baseline Area ; Area if Restructured ; Saving if Restructured ; Registered ; Example Multiplexer Output                   ;
+--------------------+-----------+---------------+----------------------+------------------------+------------+----------------------------------------------+
; 3:1                ; 4 bits    ; 8 LEs         ; 4 LEs                ; 4 LEs                  ; Yes        ; |reloj_ajedrez|contador_ace:con0|q_reg_u[1]  ;
; 3:1                ; 4 bits    ; 8 LEs         ; 4 LEs                ; 4 LEs                  ; Yes        ; |reloj_ajedrez|contador_ace:con1|q_reg_u[1]  ;
; 3:1                ; 4 bits    ; 8 LEs         ; 8 LEs                ; 0 LEs                  ; No         ; |reloj_ajedrez|contador_ace:con0|q_next_c[3] ;
; 3:1                ; 4 bits    ; 8 LEs         ; 8 LEs                ; 0 LEs                  ; No         ; |reloj_ajedrez|contador_ace:con1|q_next_c[0] ;
; 5:1                ; 9 bits    ; 27 LEs        ; 18 LEs               ; 9 LEs                  ; No         ; |reloj_ajedrez|mux4a1:mu4|y[3]               ;
; 5:1                ; 15 bits   ; 45 LEs        ; 30 LEs               ; 15 LEs                 ; No         ; |reloj_ajedrez|mux4a1:mu0|y[1]               ;
; 4:1                ; 4 bits    ; 8 LEs         ; 8 LEs                ; 0 LEs                  ; No         ; |reloj_ajedrez|contador_ace:con0|q_next_d[0] ;
; 4:1                ; 4 bits    ; 8 LEs         ; 8 LEs                ; 0 LEs                  ; No         ; |reloj_ajedrez|contador_ace:con1|q_next_d[3] ;
; 18:1               ; 6 bits    ; 72 LEs        ; 36 LEs               ; 36 LEs                 ; No         ; |reloj_ajedrez|mux4a1:mu1|y[6]               ;
+--------------------+-----------+---------------+----------------------+------------------------+------------+----------------------------------------------+


+---------------------------------------------------------------+
; Parameter Settings for User Entity Instance: divisor_freq:div ;
+----------------+----------+-----------------------------------+
; Parameter Name ; Value    ; Type                              ;
+----------------+----------+-----------------------------------+
; n              ; 50000000 ; Signed Integer                    ;
; bus_width      ; 26       ; Signed Integer                    ;
+----------------+----------+-----------------------------------+
Note: In order to hide this table in the UI and the text report file, please set the "Show Parameter Settings in Synthesis Report" option in "Analysis and Synthesis Settings -> More Settings" to "Off".


+--------------------------------------------------------------+
; Parameter Settings for User Entity Instance: reloj:jugador_0 ;
+----------------+----------+----------------------------------+
; Parameter Name ; Value    ; Type                             ;
+----------------+----------+----------------------------------+
; n              ; 50000000 ; Signed Integer                   ;
; BUS_WIDTH      ; 26       ; Signed Integer                   ;
+----------------+----------+----------------------------------+
Note: In order to hide this table in the UI and the text report file, please set the "Show Parameter Settings in Synthesis Report" option in "Analysis and Synthesis Settings -> More Settings" to "Off".


+------------------------------------------------------------------------------------+
; Parameter Settings for User Entity Instance: reloj:jugador_0|divisor_freq:divisor1 ;
+----------------+----------+--------------------------------------------------------+
; Parameter Name ; Value    ; Type                                                   ;
+----------------+----------+--------------------------------------------------------+
; n              ; 50000000 ; Signed Integer                                         ;
; bus_width      ; 26       ; Signed Integer                                         ;
+----------------+----------+--------------------------------------------------------+
Note: In order to hide this table in the UI and the text report file, please set the "Show Parameter Settings in Synthesis Report" option in "Analysis and Synthesis Settings -> More Settings" to "Off".


+--------------------------------------------------------------------------------+
; Parameter Settings for User Entity Instance: reloj:jugador_0|counter:contador1 ;
+----------------+-------+-------------------------------------------------------+
; Parameter Name ; Value ; Type                                                  ;
+----------------+-------+-------------------------------------------------------+
; width          ; 6     ; Signed Integer                                        ;
; n              ; 60    ; Signed Integer                                        ;
+----------------+-------+-------------------------------------------------------+
Note: In order to hide this table in the UI and the text report file, please set the "Show Parameter Settings in Synthesis Report" option in "Analysis and Synthesis Settings -> More Settings" to "Off".


+-------------------------------------------------------------------------------------+
; Parameter Settings for User Entity Instance: reloj:jugador_0|comparator:comporador1 ;
+----------------+-------+------------------------------------------------------------+
; Parameter Name ; Value ; Type                                                       ;
+----------------+-------+------------------------------------------------------------+
; width          ; 6     ; Signed Integer                                             ;
+----------------+-------+------------------------------------------------------------+
Note: In order to hide this table in the UI and the text report file, please set the "Show Parameter Settings in Synthesis Report" option in "Analysis and Synthesis Settings -> More Settings" to "Off".


+--------------------------------------------------------------------------------------+
; Parameter Settings for User Entity Instance: reloj:jugador_0|comparator:comporador10 ;
+----------------+-------+-------------------------------------------------------------+
; Parameter Name ; Value ; Type                                                        ;
+----------------+-------+-------------------------------------------------------------+
; width          ; 6     ; Signed Integer                                              ;
+----------------+-------+-------------------------------------------------------------+
Note: In order to hide this table in the UI and the text report file, please set the "Show Parameter Settings in Synthesis Report" option in "Analysis and Synthesis Settings -> More Settings" to "Off".


+--------------------------------------------------------------------------------+
; Parameter Settings for User Entity Instance: reloj:jugador_0|counter:contador2 ;
+----------------+-------+-------------------------------------------------------+
; Parameter Name ; Value ; Type                                                  ;
+----------------+-------+-------------------------------------------------------+
; width          ; 6     ; Signed Integer                                        ;
; n              ; 60    ; Signed Integer                                        ;
+----------------+-------+-------------------------------------------------------+
Note: In order to hide this table in the UI and the text report file, please set the "Show Parameter Settings in Synthesis Report" option in "Analysis and Synthesis Settings -> More Settings" to "Off".


+-------------------------------------------------------------------------------------+
; Parameter Settings for User Entity Instance: reloj:jugador_0|comparator:comporador2 ;
+----------------+-------+------------------------------------------------------------+
; Parameter Name ; Value ; Type                                                       ;
+----------------+-------+------------------------------------------------------------+
; width          ; 6     ; Signed Integer                                             ;
+----------------+-------+------------------------------------------------------------+
Note: In order to hide this table in the UI and the text report file, please set the "Show Parameter Settings in Synthesis Report" option in "Analysis and Synthesis Settings -> More Settings" to "Off".


+--------------------------------------------------------------------------------------+
; Parameter Settings for User Entity Instance: reloj:jugador_0|comparator:comporador20 ;
+----------------+-------+-------------------------------------------------------------+
; Parameter Name ; Value ; Type                                                        ;
+----------------+-------+-------------------------------------------------------------+
; width          ; 6     ; Signed Integer                                              ;
+----------------+-------+-------------------------------------------------------------+
Note: In order to hide this table in the UI and the text report file, please set the "Show Parameter Settings in Synthesis Report" option in "Analysis and Synthesis Settings -> More Settings" to "Off".


+--------------------------------------------------------------------------------+
; Parameter Settings for User Entity Instance: reloj:jugador_0|counter:contador3 ;
+----------------+-------+-------------------------------------------------------+
; Parameter Name ; Value ; Type                                                  ;
+----------------+-------+-------------------------------------------------------+
; width          ; 6     ; Signed Integer                                        ;
; n              ; 24    ; Signed Integer                                        ;
+----------------+-------+-------------------------------------------------------+
Note: In order to hide this table in the UI and the text report file, please set the "Show Parameter Settings in Synthesis Report" option in "Analysis and Synthesis Settings -> More Settings" to "Off".


+-------------------------------------------------------------------------------------+
; Parameter Settings for User Entity Instance: reloj:jugador_0|comparator:comparator3 ;
+----------------+-------+------------------------------------------------------------+
; Parameter Name ; Value ; Type                                                       ;
+----------------+-------+------------------------------------------------------------+
; width          ; 6     ; Signed Integer                                             ;
+----------------+-------+------------------------------------------------------------+
Note: In order to hide this table in the UI and the text report file, please set the "Show Parameter Settings in Synthesis Report" option in "Analysis and Synthesis Settings -> More Settings" to "Off".


+--------------------------------------------------------------------------------------+
; Parameter Settings for User Entity Instance: reloj:jugador_0|comparator:comparator30 ;
+----------------+-------+-------------------------------------------------------------+
; Parameter Name ; Value ; Type                                                        ;
+----------------+-------+-------------------------------------------------------------+
; width          ; 6     ; Signed Integer                                              ;
+----------------+-------+-------------------------------------------------------------+
Note: In order to hide this table in the UI and the text report file, please set the "Show Parameter Settings in Synthesis Report" option in "Analysis and Synthesis Settings -> More Settings" to "Off".


+-----------------------------------------------------------------------------------------+
; Parameter Settings for User Entity Instance: reloj:jugador_0|comparator_gt:comparato_1h ;
+----------------+-------+----------------------------------------------------------------+
; Parameter Name ; Value ; Type                                                           ;
+----------------+-------+----------------------------------------------------------------+
; width          ; 6     ; Signed Integer                                                 ;
+----------------+-------+----------------------------------------------------------------+
Note: In order to hide this table in the UI and the text report file, please set the "Show Parameter Settings in Synthesis Report" option in "Analysis and Synthesis Settings -> More Settings" to "Off".


+--------------------------------------------------------------+
; Parameter Settings for User Entity Instance: reloj:jugador_1 ;
+----------------+----------+----------------------------------+
; Parameter Name ; Value    ; Type                             ;
+----------------+----------+----------------------------------+
; n              ; 50000000 ; Signed Integer                   ;
; BUS_WIDTH      ; 26       ; Signed Integer                   ;
+----------------+----------+----------------------------------+
Note: In order to hide this table in the UI and the text report file, please set the "Show Parameter Settings in Synthesis Report" option in "Analysis and Synthesis Settings -> More Settings" to "Off".


+------------------------------------------------------------------------------------+
; Parameter Settings for User Entity Instance: reloj:jugador_1|divisor_freq:divisor1 ;
+----------------+----------+--------------------------------------------------------+
; Parameter Name ; Value    ; Type                                                   ;
+----------------+----------+--------------------------------------------------------+
; n              ; 50000000 ; Signed Integer                                         ;
; bus_width      ; 26       ; Signed Integer                                         ;
+----------------+----------+--------------------------------------------------------+
Note: In order to hide this table in the UI and the text report file, please set the "Show Parameter Settings in Synthesis Report" option in "Analysis and Synthesis Settings -> More Settings" to "Off".


+--------------------------------------------------------------------------------+
; Parameter Settings for User Entity Instance: reloj:jugador_1|counter:contador1 ;
+----------------+-------+-------------------------------------------------------+
; Parameter Name ; Value ; Type                                                  ;
+----------------+-------+-------------------------------------------------------+
; width          ; 6     ; Signed Integer                                        ;
; n              ; 60    ; Signed Integer                                        ;
+----------------+-------+-------------------------------------------------------+
Note: In order to hide this table in the UI and the text report file, please set the "Show Parameter Settings in Synthesis Report" option in "Analysis and Synthesis Settings -> More Settings" to "Off".


+-------------------------------------------------------------------------------------+
; Parameter Settings for User Entity Instance: reloj:jugador_1|comparator:comporador1 ;
+----------------+-------+------------------------------------------------------------+
; Parameter Name ; Value ; Type                                                       ;
+----------------+-------+------------------------------------------------------------+
; width          ; 6     ; Signed Integer                                             ;
+----------------+-------+------------------------------------------------------------+
Note: In order to hide this table in the UI and the text report file, please set the "Show Parameter Settings in Synthesis Report" option in "Analysis and Synthesis Settings -> More Settings" to "Off".


+--------------------------------------------------------------------------------------+
; Parameter Settings for User Entity Instance: reloj:jugador_1|comparator:comporador10 ;
+----------------+-------+-------------------------------------------------------------+
; Parameter Name ; Value ; Type                                                        ;
+----------------+-------+-------------------------------------------------------------+
; width          ; 6     ; Signed Integer                                              ;
+----------------+-------+-------------------------------------------------------------+
Note: In order to hide this table in the UI and the text report file, please set the "Show Parameter Settings in Synthesis Report" option in "Analysis and Synthesis Settings -> More Settings" to "Off".


+--------------------------------------------------------------------------------+
; Parameter Settings for User Entity Instance: reloj:jugador_1|counter:contador2 ;
+----------------+-------+-------------------------------------------------------+
; Parameter Name ; Value ; Type                                                  ;
+----------------+-------+-------------------------------------------------------+
; width          ; 6     ; Signed Integer                                        ;
; n              ; 60    ; Signed Integer                                        ;
+----------------+-------+-------------------------------------------------------+
Note: In order to hide this table in the UI and the text report file, please set the "Show Parameter Settings in Synthesis Report" option in "Analysis and Synthesis Settings -> More Settings" to "Off".


+-------------------------------------------------------------------------------------+
; Parameter Settings for User Entity Instance: reloj:jugador_1|comparator:comporador2 ;
+----------------+-------+------------------------------------------------------------+
; Parameter Name ; Value ; Type                                                       ;
+----------------+-------+------------------------------------------------------------+
; width          ; 6     ; Signed Integer                                             ;
+----------------+-------+------------------------------------------------------------+
Note: In order to hide this table in the UI and the text report file, please set the "Show Parameter Settings in Synthesis Report" option in "Analysis and Synthesis Settings -> More Settings" to "Off".


+--------------------------------------------------------------------------------------+
; Parameter Settings for User Entity Instance: reloj:jugador_1|comparator:comporador20 ;
+----------------+-------+-------------------------------------------------------------+
; Parameter Name ; Value ; Type                                                        ;
+----------------+-------+-------------------------------------------------------------+
; width          ; 6     ; Signed Integer                                              ;
+----------------+-------+-------------------------------------------------------------+
Note: In order to hide this table in the UI and the text report file, please set the "Show Parameter Settings in Synthesis Report" option in "Analysis and Synthesis Settings -> More Settings" to "Off".


+--------------------------------------------------------------------------------+
; Parameter Settings for User Entity Instance: reloj:jugador_1|counter:contador3 ;
+----------------+-------+-------------------------------------------------------+
; Parameter Name ; Value ; Type                                                  ;
+----------------+-------+-------------------------------------------------------+
; width          ; 6     ; Signed Integer                                        ;
; n              ; 24    ; Signed Integer                                        ;
+----------------+-------+-------------------------------------------------------+
Note: In order to hide this table in the UI and the text report file, please set the "Show Parameter Settings in Synthesis Report" option in "Analysis and Synthesis Settings -> More Settings" to "Off".


+-------------------------------------------------------------------------------------+
; Parameter Settings for User Entity Instance: reloj:jugador_1|comparator:comparator3 ;
+----------------+-------+------------------------------------------------------------+
; Parameter Name ; Value ; Type                                                       ;
+----------------+-------+------------------------------------------------------------+
; width          ; 6     ; Signed Integer                                             ;
+----------------+-------+------------------------------------------------------------+
Note: In order to hide this table in the UI and the text report file, please set the "Show Parameter Settings in Synthesis Report" option in "Analysis and Synthesis Settings -> More Settings" to "Off".


+--------------------------------------------------------------------------------------+
; Parameter Settings for User Entity Instance: reloj:jugador_1|comparator:comparator30 ;
+----------------+-------+-------------------------------------------------------------+
; Parameter Name ; Value ; Type                                                        ;
+----------------+-------+-------------------------------------------------------------+
; width          ; 6     ; Signed Integer                                              ;
+----------------+-------+-------------------------------------------------------------+
Note: In order to hide this table in the UI and the text report file, please set the "Show Parameter Settings in Synthesis Report" option in "Analysis and Synthesis Settings -> More Settings" to "Off".


+-----------------------------------------------------------------------------------------+
; Parameter Settings for User Entity Instance: reloj:jugador_1|comparator_gt:comparato_1h ;
+----------------+-------+----------------------------------------------------------------+
; Parameter Name ; Value ; Type                                                           ;
+----------------+-------+----------------------------------------------------------------+
; width          ; 6     ; Signed Integer                                                 ;
+----------------+-------+----------------------------------------------------------------+
Note: In order to hide this table in the UI and the text report file, please set the "Show Parameter Settings in Synthesis Report" option in "Analysis and Synthesis Settings -> More Settings" to "Off".


+----------------------------------------+
; Port Connectivity Checks: "mux4a1:mu5" ;
+------+-------+----------+--------------+
; Port ; Type  ; Severity ; Details      ;
+------+-------+----------+--------------+
; x1   ; Input ; Info     ; Stuck at VCC ;
; x3   ; Input ; Info     ; Stuck at VCC ;
+------+-------+----------+--------------+


+----------------------------------------+
; Port Connectivity Checks: "mux4a1:mu4" ;
+------+-------+----------+--------------+
; Port ; Type  ; Severity ; Details      ;
+------+-------+----------+--------------+
; x1   ; Input ; Info     ; Stuck at VCC ;
; x3   ; Input ; Info     ; Stuck at VCC ;
+------+-------+----------+--------------+


+----------------------------------------+
; Port Connectivity Checks: "mux4a1:mu3" ;
+------+-------+----------+--------------+
; Port ; Type  ; Severity ; Details      ;
+------+-------+----------+--------------+
; x1   ; Input ; Info     ; Stuck at VCC ;
; x3   ; Input ; Info     ; Stuck at VCC ;
+------+-------+----------+--------------+


+---------------------------------------------------------------------------------------------------------------------+
; Port Connectivity Checks: "reloj:jugador_1"                                                                         ;
+-----------+--------+----------+-------------------------------------------------------------------------------------+
; Port      ; Type   ; Severity ; Details                                                                             ;
+-----------+--------+----------+-------------------------------------------------------------------------------------+
; time_gt40 ; Output ; Info     ; Connected to dangling logic. Logic that only feeds a dangling port will be removed. ;
+-----------+--------+----------+-------------------------------------------------------------------------------------+


+------------------------------------------------------------------------+
; Port Connectivity Checks: "reloj:jugador_0|comparator_gt:comparato_1h" ;
+---------+-------+----------+-------------------------------------------+
; Port    ; Type  ; Severity ; Details                                   ;
+---------+-------+----------+-------------------------------------------+
; b[5..1] ; Input ; Info     ; Stuck at GND                              ;
; b[0]    ; Input ; Info     ; Stuck at VCC                              ;
+---------+-------+----------+-------------------------------------------+


+---------------------------------------------------------------------+
; Port Connectivity Checks: "reloj:jugador_0|comparator:comparator30" ;
+---------+-------+----------+----------------------------------------+
; Port    ; Type  ; Severity ; Details                                ;
+---------+-------+----------+----------------------------------------+
; b[2..0] ; Input ; Info     ; Stuck at VCC                           ;
; b[5]    ; Input ; Info     ; Stuck at GND                           ;
; b[4]    ; Input ; Info     ; Stuck at VCC                           ;
; b[3]    ; Input ; Info     ; Stuck at GND                           ;
+---------+-------+----------+----------------------------------------+


+--------------------------------------------------------------------+
; Port Connectivity Checks: "reloj:jugador_0|comparator:comparator3" ;
+------+-------+----------+------------------------------------------+
; Port ; Type  ; Severity ; Details                                  ;
+------+-------+----------+------------------------------------------+
; b    ; Input ; Info     ; Stuck at GND                             ;
+------+-------+----------+------------------------------------------+


+---------------------------------------------------------------+
; Port Connectivity Checks: "reloj:jugador_0|counter:contador3" ;
+-------------+-------+----------+------------------------------+
; Port        ; Type  ; Severity ; Details                      ;
+-------------+-------+----------+------------------------------+
; start[5..2] ; Input ; Info     ; Stuck at GND                 ;
+-------------+-------+----------+------------------------------+


+---------------------------------------------------------------------+
; Port Connectivity Checks: "reloj:jugador_0|comparator:comporador20" ;
+---------+-------+----------+----------------------------------------+
; Port    ; Type  ; Severity ; Details                                ;
+---------+-------+----------+----------------------------------------+
; b[5..3] ; Input ; Info     ; Stuck at VCC                           ;
; b[1..0] ; Input ; Info     ; Stuck at VCC                           ;
; b[2]    ; Input ; Info     ; Stuck at GND                           ;
+---------+-------+----------+----------------------------------------+


+--------------------------------------------------------------------+
; Port Connectivity Checks: "reloj:jugador_0|comparator:comporador2" ;
+------+-------+----------+------------------------------------------+
; Port ; Type  ; Severity ; Details                                  ;
+------+-------+----------+------------------------------------------+
; b    ; Input ; Info     ; Stuck at GND                             ;
+------+-------+----------+------------------------------------------+


+---------------------------------------------------------------+
; Port Connectivity Checks: "reloj:jugador_0|counter:contador2" ;
+----------+-------+----------+---------------------------------+
; Port     ; Type  ; Severity ; Details                         ;
+----------+-------+----------+---------------------------------+
; start[5] ; Input ; Info     ; Stuck at GND                    ;
; start[1] ; Input ; Info     ; Stuck at GND                    ;
+----------+-------+----------+---------------------------------+


+---------------------------------------------------------------------+
; Port Connectivity Checks: "reloj:jugador_0|comparator:comporador10" ;
+---------+-------+----------+----------------------------------------+
; Port    ; Type  ; Severity ; Details                                ;
+---------+-------+----------+----------------------------------------+
; b[5..3] ; Input ; Info     ; Stuck at VCC                           ;
; b[1..0] ; Input ; Info     ; Stuck at VCC                           ;
; b[2]    ; Input ; Info     ; Stuck at GND                           ;
+---------+-------+----------+----------------------------------------+


+--------------------------------------------------------------------+
; Port Connectivity Checks: "reloj:jugador_0|comparator:comporador1" ;
+------+-------+----------+------------------------------------------+
; Port ; Type  ; Severity ; Details                                  ;
+------+-------+----------+------------------------------------------+
; b    ; Input ; Info     ; Stuck at GND                             ;
+------+-------+----------+------------------------------------------+


+---------------------------------------------------------------+
; Port Connectivity Checks: "reloj:jugador_0|counter:contador1" ;
+-------------+-------+----------+------------------------------+
; Port        ; Type  ; Severity ; Details                      ;
+-------------+-------+----------+------------------------------+
; start[5..3] ; Input ; Info     ; Stuck at GND                 ;
; start[1]    ; Input ; Info     ; Stuck at GND                 ;
+-------------+-------+----------+------------------------------+


+---------------------------------------------------------------------------------------------------------------------+
; Port Connectivity Checks: "reloj:jugador_0"                                                                         ;
+-----------+--------+----------+-------------------------------------------------------------------------------------+
; Port      ; Type   ; Severity ; Details                                                                             ;
+-----------+--------+----------+-------------------------------------------------------------------------------------+
; time_gt40 ; Output ; Info     ; Connected to dangling logic. Logic that only feeds a dangling port will be removed. ;
+-----------+--------+----------+-------------------------------------------------------------------------------------+


+-----------------------------------------------------+
; Post-Synthesis Netlist Statistics for Top Partition ;
+-----------------------+-----------------------------+
; Type                  ; Count                       ;
+-----------------------+-----------------------------+
; boundary_port         ; 61                          ;
; cycloneiii_ff         ; 152                         ;
;     CLR               ; 100                         ;
;     ENA CLR           ; 52                          ;
; cycloneiii_lcell_comb ; 581                         ;
;     arith             ; 105                         ;
;         2 data inputs ; 105                         ;
;     normal            ; 476                         ;
;         0 data inputs ; 1                           ;
;         1 data inputs ; 9                           ;
;         2 data inputs ; 50                          ;
;         3 data inputs ; 102                         ;
;         4 data inputs ; 314                         ;
;                       ;                             ;
; Max LUT depth         ; 5.00                        ;
; Average LUT depth     ; 3.59                        ;
+-----------------------+-----------------------------+


+-------------------------------+
; Elapsed Time Per Partition    ;
+----------------+--------------+
; Partition Name ; Elapsed Time ;
+----------------+--------------+
; Top            ; 00:00:01     ;
+----------------+--------------+


+-------------------------------+
; Analysis & Synthesis Messages ;
+-------------------------------+
Info: *******************************************************************
Info: Running Quartus Prime Analysis & Synthesis
    Info: Version 23.1std.0 Build 991 11/28/2023 SC Lite Edition
    Info: Processing started: Wed Jun 26 07:45:03 2024
Info: Command: quartus_map --read_settings_files=on --write_settings_files=off reloj_ajedrez -c reloj_ajedrez
Warning (18236): Number of processors has not been specified which may cause overloading on shared machines.  Set the global assignment NUM_PARALLEL_PROCESSORS in your QSF to an appropriate value for best performance.
Info (20030): Parallel compilation is enabled and will use 12 of the 12 processors detected
Info (12021): Found 2 design units, including 1 entities, in source file comparator.vhd
    Info (12022): Found design unit 1: comparator-arq File: C:/Users/Frank/Desktop/25JUNIO/25JUNIO/lab9/ep1/comparator.vhd Line: 16
    Info (12023): Found entity 1: comparator File: C:/Users/Frank/Desktop/25JUNIO/25JUNIO/lab9/ep1/comparator.vhd Line: 5
Info (12021): Found 2 design units, including 1 entities, in source file fsm.vhd
    Info (12022): Found design unit 1: fsm-strc_1 File: C:/Users/Frank/Desktop/25JUNIO/25JUNIO/lab9/ep1/fsm.vhd Line: 42
    Info (12023): Found entity 1: fsm File: C:/Users/Frank/Desktop/25JUNIO/25JUNIO/lab9/ep1/fsm.vhd Line: 5
Info (12021): Found 2 design units, including 1 entities, in source file reloj_ajedrez.vhd
    Info (12022): Found design unit 1: reloj_ajedrez-arq File: C:/Users/Frank/Desktop/25JUNIO/25JUNIO/lab9/ep1/reloj_ajedrez.vhd Line: 28
    Info (12023): Found entity 1: reloj_ajedrez File: C:/Users/Frank/Desktop/25JUNIO/25JUNIO/lab9/ep1/reloj_ajedrez.vhd Line: 7
Info (12021): Found 2 design units, including 1 entities, in source file divisor_freq.vhd
    Info (12022): Found design unit 1: divisor_freq-structural File: C:/Users/Frank/Desktop/25JUNIO/25JUNIO/lab9/ep1/divisor_freq.vhd Line: 29
    Info (12023): Found entity 1: divisor_freq File: C:/Users/Frank/Desktop/25JUNIO/25JUNIO/lab9/ep1/divisor_freq.vhd Line: 21
Info (12021): Found 1 design units, including 0 entities, in source file my_components_reloj.vhd
    Info (12022): Found design unit 1: my_components_reloj File: C:/Users/Frank/Desktop/25JUNIO/25JUNIO/lab9/ep1/my_components_reloj.vhd Line: 5
Info (12021): Found 2 design units, including 1 entities, in source file mux4a1.vhd
    Info (12022): Found design unit 1: mux4a1-structural File: C:/Users/Frank/Desktop/25JUNIO/25JUNIO/lab9/ep1/mux4a1.vhd Line: 15
    Info (12023): Found entity 1: mux4a1 File: C:/Users/Frank/Desktop/25JUNIO/25JUNIO/lab9/ep1/mux4a1.vhd Line: 5
Info (12021): Found 2 design units, including 1 entities, in source file reloj.vhd
    Info (12022): Found design unit 1: reloj-arq File: C:/Users/Frank/Desktop/25JUNIO/25JUNIO/lab9/ep1/reloj.vhd Line: 25
    Info (12023): Found entity 1: reloj File: C:/Users/Frank/Desktop/25JUNIO/25JUNIO/lab9/ep1/reloj.vhd Line: 6
Info (12021): Found 1 design units, including 0 entities, in source file my_components.vhd
    Info (12022): Found design unit 1: my_components File: C:/Users/Frank/Desktop/25JUNIO/25JUNIO/lab9/ep1/my_components.vhd Line: 5
Info (12021): Found 2 design units, including 1 entities, in source file hexa.vhd
    Info (12022): Found design unit 1: hexa-structural_0 File: C:/Users/Frank/Desktop/25JUNIO/25JUNIO/lab9/ep1/hexa.vhd Line: 28
    Info (12023): Found entity 1: hexa File: C:/Users/Frank/Desktop/25JUNIO/25JUNIO/lab9/ep1/hexa.vhd Line: 23
Info (12021): Found 2 design units, including 1 entities, in source file counter.vhd
    Info (12022): Found design unit 1: counter-arq File: C:/Users/Frank/Desktop/25JUNIO/25JUNIO/lab9/ep1/counter.vhd Line: 16
    Info (12023): Found entity 1: counter File: C:/Users/Frank/Desktop/25JUNIO/25JUNIO/lab9/ep1/counter.vhd Line: 5
Info (12021): Found 2 design units, including 1 entities, in source file bintobcd.vhd
    Info (12022): Found design unit 1: bintobcd-structural File: C:/Users/Frank/Desktop/25JUNIO/25JUNIO/lab9/ep1/bintobcd.vhd Line: 25
    Info (12023): Found entity 1: bintobcd File: C:/Users/Frank/Desktop/25JUNIO/25JUNIO/lab9/ep1/bintobcd.vhd Line: 20
Info (12021): Found 2 design units, including 1 entities, in source file reg.vhd
    Info (12022): Found design unit 1: reg-arq File: C:/Users/Frank/Desktop/25JUNIO/25JUNIO/lab9/ep1/reg.vhd Line: 13
    Info (12023): Found entity 1: reg File: C:/Users/Frank/Desktop/25JUNIO/25JUNIO/lab9/ep1/reg.vhd Line: 4
Info (12021): Found 2 design units, including 1 entities, in source file contador_ace.vhd
    Info (12022): Found design unit 1: contador_ace-arq File: C:/Users/Frank/Desktop/25JUNIO/25JUNIO/lab9/ep1/contador_ace.vhd Line: 17
    Info (12023): Found entity 1: contador_ace File: C:/Users/Frank/Desktop/25JUNIO/25JUNIO/lab9/ep1/contador_ace.vhd Line: 6
Info (12021): Found 2 design units, including 1 entities, in source file light_controller.vhd
    Info (12022): Found design unit 1: light_controller-struct_0 File: C:/Users/Frank/Desktop/25JUNIO/25JUNIO/lab9/ep1/light_controller.vhd Line: 14
    Info (12023): Found entity 1: light_controller File: C:/Users/Frank/Desktop/25JUNIO/25JUNIO/lab9/ep1/light_controller.vhd Line: 6
Info (12021): Found 2 design units, including 1 entities, in source file comparator_gt.vhd
    Info (12022): Found design unit 1: comparator_gt-arq File: C:/Users/Frank/Desktop/25JUNIO/25JUNIO/lab9/ep1/comparator_gt.vhd Line: 12
    Info (12023): Found entity 1: comparator_gt File: C:/Users/Frank/Desktop/25JUNIO/25JUNIO/lab9/ep1/comparator_gt.vhd Line: 4
Info (12127): Elaborating entity "reloj_ajedrez" for the top level hierarchy
Warning (10541): VHDL Signal Declaration warning at reloj_ajedrez.vhd(30): used implicit default value for signal "reset_1h_j0" because signal was never assigned a value or an explicit default value. Use of implicit default value may introduce unintended design optimizations. File: C:/Users/Frank/Desktop/25JUNIO/25JUNIO/lab9/ep1/reloj_ajedrez.vhd Line: 30
Warning (10541): VHDL Signal Declaration warning at reloj_ajedrez.vhd(30): used implicit default value for signal "reset_1h_j1" because signal was never assigned a value or an explicit default value. Use of implicit default value may introduce unintended design optimizations. File: C:/Users/Frank/Desktop/25JUNIO/25JUNIO/lab9/ep1/reloj_ajedrez.vhd Line: 30
Warning (10036): Verilog HDL or VHDL warning at reloj_ajedrez.vhd(30): object "time_gt40_j0" assigned a value but never read File: C:/Users/Frank/Desktop/25JUNIO/25JUNIO/lab9/ep1/reloj_ajedrez.vhd Line: 30
Warning (10036): Verilog HDL or VHDL warning at reloj_ajedrez.vhd(30): object "time_gt40_j1" assigned a value but never read File: C:/Users/Frank/Desktop/25JUNIO/25JUNIO/lab9/ep1/reloj_ajedrez.vhd Line: 30
Info (12128): Elaborating entity "divisor_freq" for hierarchy "divisor_freq:div" File: C:/Users/Frank/Desktop/25JUNIO/25JUNIO/lab9/ep1/reloj_ajedrez.vhd Line: 41
Info (12128): Elaborating entity "reloj" for hierarchy "reloj:jugador_0" File: C:/Users/Frank/Desktop/25JUNIO/25JUNIO/lab9/ep1/reloj_ajedrez.vhd Line: 44
Info (12128): Elaborating entity "counter" for hierarchy "reloj:jugador_0|counter:contador1" File: C:/Users/Frank/Desktop/25JUNIO/25JUNIO/lab9/ep1/reloj.vhd Line: 113
Info (12128): Elaborating entity "comparator" for hierarchy "reloj:jugador_0|comparator:comporador1" File: C:/Users/Frank/Desktop/25JUNIO/25JUNIO/lab9/ep1/reloj.vhd Line: 114
Info (12128): Elaborating entity "bintobcd" for hierarchy "reloj:jugador_0|bintobcd:bin1" File: C:/Users/Frank/Desktop/25JUNIO/25JUNIO/lab9/ep1/reloj.vhd Line: 116
Info (12128): Elaborating entity "hexa" for hierarchy "reloj:jugador_0|hexa:hexa1" File: C:/Users/Frank/Desktop/25JUNIO/25JUNIO/lab9/ep1/reloj.vhd Line: 117
Info (12128): Elaborating entity "counter" for hierarchy "reloj:jugador_0|counter:contador3" File: C:/Users/Frank/Desktop/25JUNIO/25JUNIO/lab9/ep1/reloj.vhd Line: 130
Info (12128): Elaborating entity "comparator_gt" for hierarchy "reloj:jugador_0|comparator_gt:comparato_1h" File: C:/Users/Frank/Desktop/25JUNIO/25JUNIO/lab9/ep1/reloj.vhd Line: 133
Info (12128): Elaborating entity "mux4a1" for hierarchy "mux4a1:mu0" File: C:/Users/Frank/Desktop/25JUNIO/25JUNIO/lab9/ep1/reloj_ajedrez.vhd Line: 76
Info (12128): Elaborating entity "reg" for hierarchy "reg:reg0" File: C:/Users/Frank/Desktop/25JUNIO/25JUNIO/lab9/ep1/reloj_ajedrez.vhd Line: 125
Info (12128): Elaborating entity "fsm" for hierarchy "fsm:fsm1" File: C:/Users/Frank/Desktop/25JUNIO/25JUNIO/lab9/ep1/reloj_ajedrez.vhd Line: 133
Info (12128): Elaborating entity "contador_ace" for hierarchy "contador_ace:con1" File: C:/Users/Frank/Desktop/25JUNIO/25JUNIO/lab9/ep1/reloj_ajedrez.vhd Line: 155
Warning (10631): VHDL Process Statement warning at contador_ace.vhd(36): inferring latch(es) for signal or variable "q_next_d", which holds its previous value in one or more paths through the process File: C:/Users/Frank/Desktop/25JUNIO/25JUNIO/lab9/ep1/contador_ace.vhd Line: 36
Warning (10631): VHDL Process Statement warning at contador_ace.vhd(36): inferring latch(es) for signal or variable "q_next_c", which holds its previous value in one or more paths through the process File: C:/Users/Frank/Desktop/25JUNIO/25JUNIO/lab9/ep1/contador_ace.vhd Line: 36
Info (10041): Inferred latch for "q_next_c[0]" at contador_ace.vhd(36) File: C:/Users/Frank/Desktop/25JUNIO/25JUNIO/lab9/ep1/contador_ace.vhd Line: 36
Info (10041): Inferred latch for "q_next_c[1]" at contador_ace.vhd(36) File: C:/Users/Frank/Desktop/25JUNIO/25JUNIO/lab9/ep1/contador_ace.vhd Line: 36
Info (10041): Inferred latch for "q_next_c[2]" at contador_ace.vhd(36) File: C:/Users/Frank/Desktop/25JUNIO/25JUNIO/lab9/ep1/contador_ace.vhd Line: 36
Info (10041): Inferred latch for "q_next_c[3]" at contador_ace.vhd(36) File: C:/Users/Frank/Desktop/25JUNIO/25JUNIO/lab9/ep1/contador_ace.vhd Line: 36
Info (10041): Inferred latch for "q_next_d[0]" at contador_ace.vhd(36) File: C:/Users/Frank/Desktop/25JUNIO/25JUNIO/lab9/ep1/contador_ace.vhd Line: 36
Info (10041): Inferred latch for "q_next_d[1]" at contador_ace.vhd(36) File: C:/Users/Frank/Desktop/25JUNIO/25JUNIO/lab9/ep1/contador_ace.vhd Line: 36
Info (10041): Inferred latch for "q_next_d[2]" at contador_ace.vhd(36) File: C:/Users/Frank/Desktop/25JUNIO/25JUNIO/lab9/ep1/contador_ace.vhd Line: 36
Info (10041): Inferred latch for "q_next_d[3]" at contador_ace.vhd(36) File: C:/Users/Frank/Desktop/25JUNIO/25JUNIO/lab9/ep1/contador_ace.vhd Line: 36
Warning (13012): Latch contador_ace:con0|q_next_d[0] has unsafe behavior File: C:/Users/Frank/Desktop/25JUNIO/25JUNIO/lab9/ep1/contador_ace.vhd Line: 36
    Warning (13013): Ports D and ENA on the latch are fed by the same signal aux_con_0 File: C:/Users/Frank/Desktop/25JUNIO/25JUNIO/lab9/ep1/reloj_ajedrez.vhd Line: 31
Warning (13012): Latch contador_ace:con0|q_next_d[1] has unsafe behavior File: C:/Users/Frank/Desktop/25JUNIO/25JUNIO/lab9/ep1/contador_ace.vhd Line: 36
    Warning (13013): Ports D and ENA on the latch are fed by the same signal contador_ace:con0|q_reg_d[1] File: C:/Users/Frank/Desktop/25JUNIO/25JUNIO/lab9/ep1/contador_ace.vhd Line: 24
Warning (13012): Latch contador_ace:con0|q_next_d[2] has unsafe behavior File: C:/Users/Frank/Desktop/25JUNIO/25JUNIO/lab9/ep1/contador_ace.vhd Line: 36
    Warning (13013): Ports D and ENA on the latch are fed by the same signal contador_ace:con0|q_reg_d[2] File: C:/Users/Frank/Desktop/25JUNIO/25JUNIO/lab9/ep1/contador_ace.vhd Line: 24
Warning (13012): Latch contador_ace:con0|q_next_d[3] has unsafe behavior File: C:/Users/Frank/Desktop/25JUNIO/25JUNIO/lab9/ep1/contador_ace.vhd Line: 36
    Warning (13013): Ports D and ENA on the latch are fed by the same signal contador_ace:con0|q_reg_d[3] File: C:/Users/Frank/Desktop/25JUNIO/25JUNIO/lab9/ep1/contador_ace.vhd Line: 24
Warning (13012): Latch contador_ace:con1|q_next_d[0] has unsafe behavior File: C:/Users/Frank/Desktop/25JUNIO/25JUNIO/lab9/ep1/contador_ace.vhd Line: 36
    Warning (13013): Ports D and ENA on the latch are fed by the same signal aux_con_1 File: C:/Users/Frank/Desktop/25JUNIO/25JUNIO/lab9/ep1/reloj_ajedrez.vhd Line: 31
Warning (13012): Latch contador_ace:con1|q_next_d[1] has unsafe behavior File: C:/Users/Frank/Desktop/25JUNIO/25JUNIO/lab9/ep1/contador_ace.vhd Line: 36
    Warning (13013): Ports D and ENA on the latch are fed by the same signal contador_ace:con1|q_reg_d[1] File: C:/Users/Frank/Desktop/25JUNIO/25JUNIO/lab9/ep1/contador_ace.vhd Line: 24
Warning (13012): Latch contador_ace:con1|q_next_d[2] has unsafe behavior File: C:/Users/Frank/Desktop/25JUNIO/25JUNIO/lab9/ep1/contador_ace.vhd Line: 36
    Warning (13013): Ports D and ENA on the latch are fed by the same signal contador_ace:con1|q_reg_d[2] File: C:/Users/Frank/Desktop/25JUNIO/25JUNIO/lab9/ep1/contador_ace.vhd Line: 24
Warning (13012): Latch contador_ace:con1|q_next_d[3] has unsafe behavior File: C:/Users/Frank/Desktop/25JUNIO/25JUNIO/lab9/ep1/contador_ace.vhd Line: 36
    Warning (13013): Ports D and ENA on the latch are fed by the same signal contador_ace:con1|q_reg_d[3] File: C:/Users/Frank/Desktop/25JUNIO/25JUNIO/lab9/ep1/contador_ace.vhd Line: 24
Warning (13012): Latch contador_ace:con0|q_next_c[0] has unsafe behavior File: C:/Users/Frank/Desktop/25JUNIO/25JUNIO/lab9/ep1/contador_ace.vhd Line: 36
    Warning (13013): Ports D and ENA on the latch are fed by the same signal contador_ace:con0|q_reg_c[0] File: C:/Users/Frank/Desktop/25JUNIO/25JUNIO/lab9/ep1/contador_ace.vhd Line: 24
Warning (13012): Latch contador_ace:con0|q_next_c[1] has unsafe behavior File: C:/Users/Frank/Desktop/25JUNIO/25JUNIO/lab9/ep1/contador_ace.vhd Line: 36
    Warning (13013): Ports D and ENA on the latch are fed by the same signal contador_ace:con0|q_reg_c[1] File: C:/Users/Frank/Desktop/25JUNIO/25JUNIO/lab9/ep1/contador_ace.vhd Line: 24
Warning (13012): Latch contador_ace:con0|q_next_c[2] has unsafe behavior File: C:/Users/Frank/Desktop/25JUNIO/25JUNIO/lab9/ep1/contador_ace.vhd Line: 36
    Warning (13013): Ports D and ENA on the latch are fed by the same signal contador_ace:con0|q_reg_c[2] File: C:/Users/Frank/Desktop/25JUNIO/25JUNIO/lab9/ep1/contador_ace.vhd Line: 24
Warning (13012): Latch contador_ace:con0|q_next_c[3] has unsafe behavior File: C:/Users/Frank/Desktop/25JUNIO/25JUNIO/lab9/ep1/contador_ace.vhd Line: 36
    Warning (13013): Ports D and ENA on the latch are fed by the same signal contador_ace:con0|q_reg_c[3] File: C:/Users/Frank/Desktop/25JUNIO/25JUNIO/lab9/ep1/contador_ace.vhd Line: 24
Warning (13012): Latch contador_ace:con1|q_next_c[0] has unsafe behavior File: C:/Users/Frank/Desktop/25JUNIO/25JUNIO/lab9/ep1/contador_ace.vhd Line: 36
    Warning (13013): Ports D and ENA on the latch are fed by the same signal contador_ace:con1|q_reg_c[0] File: C:/Users/Frank/Desktop/25JUNIO/25JUNIO/lab9/ep1/contador_ace.vhd Line: 24
Warning (13012): Latch contador_ace:con1|q_next_c[1] has unsafe behavior File: C:/Users/Frank/Desktop/25JUNIO/25JUNIO/lab9/ep1/contador_ace.vhd Line: 36
    Warning (13013): Ports D and ENA on the latch are fed by the same signal contador_ace:con1|q_reg_c[1] File: C:/Users/Frank/Desktop/25JUNIO/25JUNIO/lab9/ep1/contador_ace.vhd Line: 24
Warning (13012): Latch contador_ace:con1|q_next_c[2] has unsafe behavior File: C:/Users/Frank/Desktop/25JUNIO/25JUNIO/lab9/ep1/contador_ace.vhd Line: 36
    Warning (13013): Ports D and ENA on the latch are fed by the same signal contador_ace:con1|q_reg_c[2] File: C:/Users/Frank/Desktop/25JUNIO/25JUNIO/lab9/ep1/contador_ace.vhd Line: 24
Warning (13012): Latch contador_ace:con1|q_next_c[3] has unsafe behavior File: C:/Users/Frank/Desktop/25JUNIO/25JUNIO/lab9/ep1/contador_ace.vhd Line: 36
    Warning (13013): Ports D and ENA on the latch are fed by the same signal contador_ace:con1|q_reg_c[3] File: C:/Users/Frank/Desktop/25JUNIO/25JUNIO/lab9/ep1/contador_ace.vhd Line: 24
Warning (13024): Output pins are stuck at VCC or GND
    Warning (13410): Pin "leds[1]" is stuck at GND File: C:/Users/Frank/Desktop/25JUNIO/25JUNIO/lab9/ep1/reloj_ajedrez.vhd Line: 25
    Warning (13410): Pin "leds[3]" is stuck at GND File: C:/Users/Frank/Desktop/25JUNIO/25JUNIO/lab9/ep1/reloj_ajedrez.vhd Line: 25
    Warning (13410): Pin "leds[6]" is stuck at GND File: C:/Users/Frank/Desktop/25JUNIO/25JUNIO/lab9/ep1/reloj_ajedrez.vhd Line: 25
    Warning (13410): Pin "leds[8]" is stuck at GND File: C:/Users/Frank/Desktop/25JUNIO/25JUNIO/lab9/ep1/reloj_ajedrez.vhd Line: 25
Info (286030): Timing-Driven Synthesis is running
Info (17049): 2 registers lost all their fanouts during netlist optimizations.
Info (16010): Generating hard_block partition "hard_block:auto_generated_inst"
    Info (16011): Adding 0 node(s), including 0 DDIO, 0 PLL, 0 transceiver and 0 LCELL
Warning (21074): Design contains 2 input pin(s) that do not drive logic
    Warning (15610): No output dependent on input pin "modo[1]" File: C:/Users/Frank/Desktop/25JUNIO/25JUNIO/lab9/ep1/reloj_ajedrez.vhd Line: 13
    Warning (15610): No output dependent on input pin "modo[0]" File: C:/Users/Frank/Desktop/25JUNIO/25JUNIO/lab9/ep1/reloj_ajedrez.vhd Line: 13
Info (21057): Implemented 660 device resources after synthesis - the final resource count might be different
    Info (21058): Implemented 9 input pins
    Info (21059): Implemented 52 output pins
    Info (21061): Implemented 599 logic cells
Info: Quartus Prime Analysis & Synthesis was successful. 0 errors, 47 warnings
    Info: Peak virtual memory: 4873 megabytes
    Info: Processing ended: Wed Jun 26 07:45:17 2024
    Info: Elapsed time: 00:00:14
    Info: Total CPU time (on all processors): 00:00:16


